[2022-01-01 10:05:00] DEBUG: Operation successful
[2022-01-01 10:20:00] INFO: Unexpected input detected
[2022-01-01 10:35:00] ERROR: Connection lost
[2022-01-01 10:10:00] DEBUG: Data processing complete
[2022-01-01 10:25:00] INFO: Security breach detected
[2022-01-01 10:40:00] WARN: Resource limit exceeded
[2022-01-01 10:03:00] INFO: System update available
[2022-01-01 10:18:00] ERROR: Database error
[2022-01-01 10:33:00] WARN: Unusual activity detected
[2022-01-01 10:08:00] DEBUG: Initialization in progress
[2022-01-01 10:23:00] INFO: File not found
[2022-01-01 10:38:00] ERROR: Critical server issue
[2022-01-01 10:13:00] DEBUG: Task queue empty
[2022-01-01 10:28:00] INFO: Connection restored
[2022-01-01 10:43:00] WARN: Memory usage high
[2022-01-01 10:01:00] INFO: User login successful
[2022-01-01 10:16:00] ERROR: Application crash
[2022-01-01 10:31:00] WARN: Configuration error
[2022-01-01 10:06:00] DEBUG: File saved successfully
[2022-01-01 10:21:00] INFO: Invalid request received
[2022-01-01 10:36:00] ERROR: Network timeout
[2022-01-01 10:11:00] DEBUG: Task completed with errors
[2022-01-01 10:26:00] INFO: Resource allocation issue
[2022-01-01 10:41:00] WARN: Unexpected system behavior
[2022-01-01 10:04:00] INFO: Request timed out
[2022-01-01 10:19:00] ERROR: Disk space running low
[2022-01-01 10:34:00] WARN: Authentication failure
[2022-01-01 10:09:00] DEBUG: Task in progress
[2022-01-01 10:24:00] INFO: Service unavailable
[2022-01-01 10:39:00] ERROR: Server overload detected